<?xml version="1.0" encoding="UTF-8"?>
<coverage generated="1638997088648" clover="3.2.0">
  <project timestamp="1638997088648" name="All files">
    <metrics statements="20" coveredstatements="3" conditionals="4" coveredconditionals="0" methods="5" coveredmethods="0" elements="29" coveredelements="3" complexity="0" loc="20" ncloc="20" packages="1" files="1" classes="1"/>
    <file name="crud.js" path="/home/fabricio/Projects/Microverse/JavaScript/todo-webpack/src/modules/crud.js">
      <metrics statements="20" coveredstatements="3" conditionals="4" coveredconditionals="0" methods="5" coveredmethods="0"/>
      <line num="3" count="1" type="stmt"/>
      <line num="4" count="0" type="cond" truecount="0" falsecount="2"/>
      <line num="5" count="0" type="stmt"/>
      <line num="6" count="0" type="stmt"/>
      <line num="11" count="0" type="cond" truecount="0" falsecount="2"/>
      <line num="12" count="0" type="stmt"/>
      <line num="14" count="0" type="stmt"/>
      <line num="15" count="0" type="stmt"/>
      <line num="16" count="0" type="stmt"/>
      <line num="19" count="1" type="stmt"/>
      <line num="20" count="0" type="stmt"/>
      <line num="21" count="0" type="stmt"/>
      <line num="22" count="0" type="stmt"/>
      <line num="23" count="0" type="stmt"/>
      <line num="26" count="1" type="stmt"/>
      <line num="27" count="0" type="stmt"/>
      <line num="28" count="0" type="stmt"/>
      <line num="29" count="0" type="stmt"/>
      <line num="30" count="0" type="stmt"/>
      <line num="31" count="0" type="stmt"/>
    </file>
  </project>
</coverage>
