{"/home/fabricio/Projects/Microverse/JavaScript/todo-webpack/src/modules/crud.js": {"path":"/home/fabricio/Projects/Microverse/JavaScript/todo-webpack/src/modules/crud.js","statementMap":{"0":{"start":{"line":3,"column":16},"end":{"line":17,"column":1}},"1":{"start":{"line":4,"column":2},"end":{"line":4,"column":58}},"2":{"start":{"line":5,"column":2},"end":{"line":5,"column":25}},"3":{"start":{"line":6,"column":15},"end":{"line":10,"column":3}},"4":{"start":{"line":11,"column":2},"end":{"line":13,"column":3}},"5":{"start":{"line":12,"column":4},"end":{"line":12,"column":11}},"6":{"start":{"line":14,"column":2},"end":{"line":14,"column":19}},"7":{"start":{"line":15,"column":2},"end":{"line":15,"column":55}},"8":{"start":{"line":16,"column":2},"end":{"line":16,"column":29}},"9":{"start":{"line":19,"column":17},"end":{"line":24,"column":1}},"10":{"start":{"line":20,"column":17},"end":{"line":20,"column":50}},"11":{"start":{"line":21,"column":20},"end":{"line":21,"column":65}},"12":{"start":{"line":21,"column":46},"end":{"line":21,"column":64}},"13":{"start":{"line":22,"column":2},"end":{"line":22,"column":48}},"14":{"start":{"line":23,"column":2},"end":{"line":23,"column":55}},"15":{"start":{"line":26,"column":19},"end":{"line":32,"column":1}},"16":{"start":{"line":27,"column":17},"end":{"line":27,"column":50}},"17":{"start":{"line":28,"column":20},"end":{"line":28,"column":65}},"18":{"start":{"line":28,"column":46},"end":{"line":28,"column":64}},"19":{"start":{"line":29,"column":2},"end":{"line":29,"column":29}},"20":{"start":{"line":30,"column":2},"end":{"line":30,"column":42}},"21":{"start":{"line":31,"column":2},"end":{"line":31,"column":55}}},"fnMap":{"0":{"name":"(anonymous_0)","decl":{"start":{"line":3,"column":16},"end":{"line":3,"column":17}},"loc":{"start":{"line":3,"column":34},"end":{"line":17,"column":1}},"line":3},"1":{"name":"(anonymous_1)","decl":{"start":{"line":19,"column":17},"end":{"line":19,"column":18}},"loc":{"start":{"line":19,"column":31},"end":{"line":24,"column":1}},"line":19},"2":{"name":"(anonymous_2)","decl":{"start":{"line":21,"column":36},"end":{"line":21,"column":37}},"loc":{"start":{"line":21,"column":46},"end":{"line":21,"column":64}},"line":21},"3":{"name":"(anonymous_3)","decl":{"start":{"line":26,"column":19},"end":{"line":26,"column":20}},"loc":{"start":{"line":26,"column":33},"end":{"line":32,"column":1}},"line":26},"4":{"name":"(anonymous_4)","decl":{"start":{"line":28,"column":36},"end":{"line":28,"column":37}},"loc":{"start":{"line":28,"column":46},"end":{"line":28,"column":64}},"line":28}},"branchMap":{"0":{"loc":{"start":{"line":4,"column":10},"end":{"line":4,"column":57}},"type":"binary-expr","locations":[{"start":{"line":4,"column":10},"end":{"line":4,"column":51}},{"start":{"line":4,"column":55},"end":{"line":4,"column":57}}],"line":4},"1":{"loc":{"start":{"line":11,"column":2},"end":{"line":13,"column":3}},"type":"if","locations":[{"start":{"line":11,"column":2},"end":{"line":13,"column":3}},{"start":{},"end":{}}],"line":11}},"s":{"0":1,"1":0,"2":0,"3":0,"4":0,"5":0,"6":0,"7":0,"8":0,"9":1,"10":0,"11":0,"12":0,"13":0,"14":0,"15":1,"16":0,"17":0,"18":0,"19":0,"20":0,"21":0},"f":{"0":0,"1":0,"2":0,"3":0,"4":0},"b":{"0":[0,0],"1":[0,0]},"_coverageSchema":"1a1c01bbd47fc00a2c39e90264f33305004495a9","hash":"a7d57d0eea2d288cf37199523dbb9012f87da4f2"}
}
